<?xml version="1.0" encoding="UTF-8"?>
<!-- Generated by org.testng.reporters.JUnitReportReporter -->
<testsuite hostname="LAPTOP-KSKTEMO2" failures="0" tests="5" name="tests.OrangeHRM_LoginTest" time="87.258" errors="0" timestamp="2025-07-17T20:43:25 IST" skipped="0">
  <testcase classname="tests.OrangeHRM_LoginTest" name="loginLogoutTest" time="15.675"/>
  <testcase classname="tests.OrangeHRM_LoginTest" name="loginLogoutTest" time="14.931"/>
  <testcase classname="tests.OrangeHRM_LoginTest" name="loginLogoutTest" time="16.287"/>
  <testcase classname="tests.OrangeHRM_LoginTest" name="loginLogoutTest" time="21.982"/>
  <testcase classname="tests.OrangeHRM_LoginTest" name="loginLogoutTest" time="18.383"/>
</testsuite> <!-- tests.OrangeHRM_LoginTest -->
