<?xml version="1.0" encoding="UTF-8"?>
<!-- Generated by org.testng.reporters.JUnitReportReporter -->
<testsuite hostname="LAPTOP-KSKTEMO2" failures="0" tests="1" name="Project1_Telecom.contact_7GET" time="1.529" errors="0" timestamp="2025-07-16T20:50:59 IST" skipped="0">
  <testcase classname="Project1_Telecom.contact_7GET" name="getSingleContact" time="1.529"/>
</testsuite> <!-- Project1_Telecom.contact_7GET -->
