<?xml version="1.0" encoding="UTF-8"?>
<!-- Generated by org.testng.reporters.JUnitReportReporter -->
<testsuite hostname="LAPTOP-KSKTEMO2" failures="0" tests="1" name="Project1_Telecom.update_9PATCH" time="1.646" errors="0" timestamp="2025-07-16T20:50:59 IST" skipped="0">
  <testcase classname="Project1_Telecom.update_9PATCH" name="updatePartialContact" time="1.646"/>
</testsuite> <!-- Project1_Telecom.update_9PATCH -->
